2012-01-28 18:14:21 - rates
C:\wamp\www\gpor-essentialdata\www\protected\..\files\currency\2012-01-28 18:14:33 - bankindexes
not found index
not found index
not found index
not found index
not found index
not found index
not found index
not found index
not found index
not found index
not found index
not found index
not found index
not found index
not found index
C:\wamp\www\gpor-essentialdata\www\protected\..\files\bankindexes\not found index
not found index
not found index
not found index
not found index
not found index
not found index
not found index
not found index
not found index
not found index
not found index
not found index
not found index
not found index
2012-01-28 18:15:35 - weather
C:\wamp\www\gpor-essentialdata\www\protected\..\files\weather\2012-01-28 18:15:36 - weathercurrent
C:\wamp\www\gpor-essentialdata\www\protected\..\files\currentweather\